#
# A fatal error has been detected by the Java Runtime Environment:
#
#  Internal Error (javaClasses.cpp:127), pid=1064, tid=8124
#  fatal error: Invalid layout of preloaded class
#
# JRE version:  (8.0_40-b25) (build )
# Java VM: Java HotSpot(TM) 64-Bit Server VM (25.40-b25 mixed mode windows-amd64 compressed oops)
# Failed to write core dump. Minidumps are not enabled by default on client versions of Windows
#
# If you would like to submit a bug report, please visit:
#   http://bugreport.java.com/bugreport/crash.jsp
#

---------------  T H R E A D  ---------------

Current thread (0x0000000002581000):  JavaThread "Unknown thread" [_thread_in_vm, id=8124, stack(0x0000000002400000,0x0000000002500000)]

Stack: [0x0000000002400000,0x0000000002500000]
Native frames: (J=compiled Java code, j=interpreted, Vv=VM code, C=native code)
V  [jvm.dll+0x32b47a]
V  [jvm.dll+0x2797f3]
V  [jvm.dll+0x27a489]
V  [jvm.dll+0x271726]
V  [jvm.dll+0x67fd3]
V  [jvm.dll+0x680c3]
V  [jvm.dll+0x7d63a]
V  [jvm.dll+0x7d9a6]
V  [jvm.dll+0xf2077]
V  [jvm.dll+0xf2406]
V  [jvm.dll+0x20f107]
V  [jvm.dll+0x240d9a]
V  [jvm.dll+0x15b941]
C  [javaw.exe+0x217e]
C  [javaw.exe+0xcd17]
C  [javaw.exe+0xcdab]
C  [KERNEL32.DLL+0x18102]
C  [ntdll.dll+0x5c5b4]


---------------  P R O C E S S  ---------------

Java Threads: ( => current thread )

Other Threads:

=>0x0000000002581000 (exited) JavaThread "Unknown thread" [_thread_in_vm, id=8124, stack(0x0000000002400000,0x0000000002500000)]

VM state:not at safepoint (not fully initialized)

VM Mutex/Monitor currently owned by a thread: None

GC Heap History (0 events):
No events

Deoptimization events (0 events):
No events

Internal exceptions (0 events):
No events

Events (10 events):
Event: 0.016 loading class java/lang/CharSequence done
Event: 0.016 loading class java/lang/String done
Event: 0.016 loading class java/lang/Class
Event: 0.016 loading class java/lang/reflect/AnnotatedElement
Event: 0.016 loading class java/lang/reflect/AnnotatedElement done
Event: 0.016 loading class java/lang/reflect/GenericDeclaration
Event: 0.016 loading class java/lang/reflect/GenericDeclaration done
Event: 0.016 loading class java/lang/reflect/Type
Event: 0.016 loading class java/lang/reflect/Type done
Event: 0.017 loading class java/lang/Class done


Dynamic libraries:
0x00007ff6abdf0000 - 0x00007ff6abe27000 	D:\IDE\Java\jdk\bin\javaw.exe
0x00007ffca9de0000 - 0x00007ffca9fa1000 	C:\WINDOWS\SYSTEM32\ntdll.dll
0x00007ffca79c0000 - 0x00007ffca7a6d000 	C:\WINDOWS\system32\KERNEL32.DLL
0x00007ffca64e0000 - 0x00007ffca66c8000 	C:\WINDOWS\system32\KERNELBASE.dll
0x00007ffca9c10000 - 0x00007ffca9cb7000 	C:\WINDOWS\system32\ADVAPI32.dll
0x00007ffca7cf0000 - 0x00007ffca7d8d000 	C:\WINDOWS\system32\msvcrt.dll
0x00007ffca7950000 - 0x00007ffca79ab000 	C:\WINDOWS\system32\sechost.dll
0x00007ffca9cc0000 - 0x00007ffca9ddc000 	C:\WINDOWS\system32\RPCRT4.dll
0x00007ffca8370000 - 0x00007ffca84c6000 	C:\WINDOWS\system32\USER32.dll
0x00007ffca7a70000 - 0x00007ffca7bf6000 	C:\WINDOWS\system32\GDI32.dll
0x00007ffca08f0000 - 0x00007ffca0b64000 	C:\WINDOWS\WinSxS\amd64_microsoft.windows.common-controls_6595b64144ccf1df_6.0.10586.0_none_8c15ae12515e1c22\COMCTL32.dll
0x00007ffca7280000 - 0x00007ffca74fd000 	C:\WINDOWS\system32\combase.dll
0x00007ffca6470000 - 0x00007ffca64da000 	C:\WINDOWS\system32\bcryptPrimitives.dll
0x00007ffca71c0000 - 0x00007ffca71fb000 	C:\WINDOWS\system32\IMM32.DLL
0x00007ffca62d0000 - 0x00007ffca6301000 	C:\Windows\system32\nvinitx.dll
0x00007ffca62c0000 - 0x00007ffca62ca000 	C:\WINDOWS\SYSTEM32\VERSION.dll
0x0000000065dc0000 - 0x0000000065e92000 	D:\IDE\Java\jdk\jre\bin\msvcr100.dll
0x0000000065f20000 - 0x00000000667a3000 	D:\IDE\Java\jdk\jre\bin\server\jvm.dll
0x00007ffca7270000 - 0x00007ffca7278000 	C:\WINDOWS\system32\PSAPI.DLL
0x00007ffc9a100000 - 0x00007ffc9a109000 	C:\WINDOWS\SYSTEM32\WSOCK32.dll
0x00007ffca7200000 - 0x00007ffca726b000 	C:\WINDOWS\system32\WS2_32.dll
0x00007ffca4610000 - 0x00007ffca4633000 	C:\WINDOWS\SYSTEM32\WINMM.dll
0x00007ffca45b0000 - 0x00007ffca45dc000 	C:\WINDOWS\SYSTEM32\WINMMBASE.dll
0x00007ffca7170000 - 0x00007ffca71b3000 	C:\WINDOWS\system32\cfgmgr32.dll
0x0000000067940000 - 0x000000006794f000 	D:\IDE\Java\jdk\jre\bin\verify.dll
0x0000000067910000 - 0x0000000067939000 	D:\IDE\Java\jdk\jre\bin\java.dll
0x00000000678f0000 - 0x0000000067906000 	D:\IDE\Java\jdk\jre\bin\zip.dll
0x00007ffc76970000 - 0x00007ffc76afc000 	C:\WINDOWS\SYSTEM32\dbghelp.dll

VM Arguments:
jvm_args: -Dfile.encoding=UTF-8 -Xbootclasspath:D:\IDE\Android_sdk\sdk\platforms\android-19\android.jar 
java_command: com.tc.service.util.ServerInfoUtil
java_class_path (initial): C:\Users\Administrator\Desktop\myIM\MyApp\bin\classes;C:\Users\Administrator\Desktop\myIM\appcompat_v7\libs\android-support-v4.jar;C:\Users\Administrator\Desktop\myIM\appcompat_v7\libs\android-support-v7-appcompat.jar;C:\Users\Administrator\Desktop\myIM\appcompat_v7\bin\android-support-v7-appcompat.jar
Launcher Type: SUN_STANDARD

Environment Variables:
JAVA_HOME=D:\IDE\Java\jdk
CLASSPATH=.;D:\IDE\Java\jdk\lib\dt.jar;D:\IDE\Java\jdk\lib\tools.jar;
PATH=D:/IDE/Java/jdk/bin/../jre/bin/server;D:/IDE/Java/jdk/bin/../jre/bin;D:/IDE/Java/jdk/bin/../jre/lib/amd64;C:\WINDOWS\system32;C:\WINDOWS;C:\WINDOWS\System32\wbem;C:\Program Files (x86)\IDM Computer Solutions\UltraEdit;D:\IDE\Java\jdk\bin;D:\IDE\Java\jdk\jre\bin;D:\MinGW\bin;C:\Program Files (x86)\MySQL\MySQL Fabric 1.5 & MySQL Utilities 1.5\;C:\Program Files (x86)\MySQL\MySQL Fabric 1.5 & MySQL Utilities 1.5\Doctrine extensions for PHP\;E:\Program Files\OpenCV2.4\opencv\build\x86\vc12\bin;C:\Program Files\Common Files\Microsoft Shared\Windows Live;C:\Program Files\Intel\WiFi\bin\;C:\Program Files\Common Files\Intel\WirelessCommon\;D:\IDE\Adriod_sdk\sdk\platform-tools;D:\IDE\Eclipse;
USERNAME=Administrator
OS=Windows_NT
PROCESSOR_IDENTIFIER=Intel64 Family 6 Model 58 Stepping 9, GenuineIntel



---------------  S Y S T E M  ---------------

OS: Windows 10.0 , 64 bit Build 10586 (10.0.10586.0)

CPU:total 4 (2 cores per cpu, 2 threads per core) family 6 model 58 stepping 9, cmov, cx8, fxsr, mmx, sse, sse2, sse3, ssse3, sse4.1, sse4.2, popcnt, avx, aes, clmul, erms, ht, tsc, tscinvbit, tscinv

Memory: 4k page, physical 8288616k(4334368k free), swap 9271656k(4916384k free)

vm_info: Java HotSpot(TM) 64-Bit Server VM (25.40-b25) for windows-amd64 JRE (1.8.0_40-b25), built on Feb 10 2015 21:53:57 by "java_re" with MS VC++ 10.0 (VS2010)

time: Wed Apr 27 14:28:37 2016
elapsed time: 0 seconds (0d 0h 0m 0s)

